Determining if the pthread_create exist failed with the following output:
Change Dir: /home/ubuntu/catkin_ws/src/beginner_tutorials/build/catkin_tools_prebuild/CMakeFiles/CMakeTmp

Run Build Command:/usr/bin/make "cmTryCompileExec2195660020/fast"
/usr/bin/make -f CMakeFiles/cmTryCompileExec2195660020.dir/build.make CMakeFiles/cmTryCompileExec2195660020.dir/build
make[1]: Entering directory `/home/ubuntu/catkin_ws/src/beginner_tutorials/build/catkin_tools_prebuild/CMakeFiles/CMakeTmp'
/usr/bin/cmake -E cmake_progress_report /home/ubuntu/catkin_ws/src/beginner_tutorials/build/catkin_tools_prebuild/CMakeFiles/CMakeTmp/CMakeFiles 1
Building C object CMakeFiles/cmTryCompileExec2195660020.dir/CheckSymbolExists.c.o
/usr/bin/cc    -o CMakeFiles/cmTryCompileExec2195660020.dir/CheckSymbolExists.c.o   -c /home/ubuntu/catkin_ws/src/beginner_tutorials/build/catkin_tools_prebuild/CMakeFiles/CMakeTmp/CheckSymbolExists.c
Linking C executable cmTryCompileExec2195660020
/usr/bin/cmake -E cmake_link_script CMakeFiles/cmTryCompileExec2195660020.dir/link.txt --verbose=1
/usr/bin/cc       CMakeFiles/cmTryCompileExec2195660020.dir/CheckSymbolExists.c.o  -o cmTryCompileExec2195660020 -rdynamic 
CMakeFiles/cmTryCompileExec2195660020.dir/CheckSymbolExists.c.o: In function `main':
CheckSymbolExists.c:(.text+0xe): undefined reference to `pthread_create'
CheckSymbolExists.c:(.text+0x12): undefined reference to `pthread_create'
make[1]: Leaving directory `/home/ubuntu/catkin_ws/src/beginner_tutorials/build/catkin_tools_prebuild/CMakeFiles/CMakeTmp'
collect2: error: ld returned 1 exit status
make[1]: *** [cmTryCompileExec2195660020] Error 1
make: *** [cmTryCompileExec2195660020/fast] Error 2

File /home/ubuntu/catkin_ws/src/beginner_tutorials/build/catkin_tools_prebuild/CMakeFiles/CMakeTmp/CheckSymbolExists.c:
/* */
#include <pthread.h>

int main(int argc, char** argv)
{
  (void)argv;
#ifndef pthread_create
  return ((int*)(&pthread_create))[argc];
#else
  (void)argc;
  return 0;
#endif
}

Determining if the function pthread_create exists in the pthreads failed with the following output:
Change Dir: /home/ubuntu/catkin_ws/src/beginner_tutorials/build/catkin_tools_prebuild/CMakeFiles/CMakeTmp

Run Build Command:/usr/bin/make "cmTryCompileExec3500221203/fast"
/usr/bin/make -f CMakeFiles/cmTryCompileExec3500221203.dir/build.make CMakeFiles/cmTryCompileExec3500221203.dir/build
make[1]: Entering directory `/home/ubuntu/catkin_ws/src/beginner_tutorials/build/catkin_tools_prebuild/CMakeFiles/CMakeTmp'
/usr/bin/cmake -E cmake_progress_report /home/ubuntu/catkin_ws/src/beginner_tutorials/build/catkin_tools_prebuild/CMakeFiles/CMakeTmp/CMakeFiles 1
Building C object CMakeFiles/cmTryCompileExec3500221203.dir/CheckFunctionExists.c.o
/usr/bin/cc   -DCHECK_FUNCTION_EXISTS=pthread_create   -o CMakeFiles/cmTryCompileExec3500221203.dir/CheckFunctionExists.c.o   -c /usr/share/cmake-2.8/Modules/CheckFunctionExists.c
Linking C executable cmTryCompileExec3500221203
/usr/bin/cmake -E cmake_link_script CMakeFiles/cmTryCompileExec3500221203.dir/link.txt --verbose=1
/usr/bin/cc   -DCHECK_FUNCTION_EXISTS=pthread_create    CMakeFiles/cmTryCompileExec3500221203.dir/CheckFunctionExists.c.o  -o cmTryCompileExec3500221203 -rdynamic -lpthreads 
/usr/bin/ld: cannot find -lpthreads
make[1]: Leaving directory `/home/ubuntu/catkin_ws/src/beginner_tutorials/build/catkin_tools_prebuild/CMakeFiles/CMakeTmp'
collect2: error: ld returned 1 exit status
make[1]: *** [cmTryCompileExec3500221203] Error 1
make: *** [cmTryCompileExec3500221203/fast] Error 2


